<?xml version="1.0" encoding="UTF-8"?>
<testsuite name="com.github.backend.BackendApplicationTests" tests="1" skipped="0" failures="0" errors="0" timestamp="2024-08-08T23:32:11" hostname="JIYOUNG" time="0.888">
  <properties/>
  <testcase name="contextLoads()" classname="com.github.backend.BackendApplicationTests" time="0.888"/>
  <system-out><![CDATA[08:32:09.271 [Test worker] INFO org.springframework.test.context.support.AnnotationConfigContextLoaderUtils -- Could not detect default configuration classes for test class [com.github.backend.BackendApplicationTests]: BackendApplicationTests does not declare any static, non-private, non-final, nested classes annotated with @Configuration.
08:32:09.425 [Test worker] INFO org.springframework.boot.test.context.SpringBootTestContextBootstrapper -- Found @SpringBootConfiguration com.github.backend.BackendApplication for test class com.github.backend.BackendApplicationTests

  .   ____          _            __ _ _
 /\\ / ___'_ __ _ _(_)_ __  __ _ \ \ \ \
( ( )\___ | '_ | '_| | '_ \/ _` | \ \ \ \
 \\/  ___)| |_)| | | | | || (_| |  ) ) ) )
  '  |____| .__|_| |_|_| |_\__, | / / / /
 =========|_|==============|___/=/_/_/_/

 :: Spring Boot ::                (v3.3.2)

2024-08-09T08:32:09.896+09:00  INFO 22944 --- [backend] [    Test worker] c.g.backend.BackendApplicationTests      : Starting BackendApplicationTests using Java 17.0.1 with PID 22944 (started by codin in C:\github\ThridProject\full-stack\backend)
2024-08-09T08:32:09.897+09:00  INFO 22944 --- [backend] [    Test worker] c.g.backend.BackendApplicationTests      : No active profile set, falling back to 1 default profile: "default"
2024-08-09T08:32:10.784+09:00  WARN 22944 --- [backend] [    Test worker] trationDelegate$BeanPostProcessorChecker : Bean 'org.springframework.ws.config.annotation.DelegatingWsConfiguration' of type [org.springframework.ws.config.annotation.DelegatingWsConfiguration$$SpringCGLIB$$0] is not eligible for getting processed by all BeanPostProcessors (for example: not eligible for auto-proxying). The currently created BeanPostProcessor [annotationActionEndpointMapping] is declared through a non-static factory method on that class; consider declaring it as static instead.
2024-08-09T08:32:10.838+09:00  INFO 22944 --- [backend] [    Test worker] .w.s.a.s.AnnotationActionEndpointMapping : Supporting [WS-Addressing August 2004, WS-Addressing 1.0]
2024-08-09T08:32:11.476+09:00  INFO 22944 --- [backend] [    Test worker] c.g.backend.BackendApplicationTests      : Started BackendApplicationTests in 1.865 seconds (process running for 3.489)
]]></system-out>
  <system-err><![CDATA[]]></system-err>
</testsuite>
