<?xml version="1.0" encoding="UTF-8"?>
<testsuite name="com.github.backend.BackendApplicationTests" tests="1" skipped="0" failures="0" errors="0" timestamp="2024-08-12T12:40:38" hostname="JIYOUNG" time="0.761">
  <properties/>
  <testcase name="contextLoads()" classname="com.github.backend.BackendApplicationTests" time="0.761"/>
  <system-out><![CDATA[21:40:36.767 [Test worker] INFO org.springframework.test.context.support.AnnotationConfigContextLoaderUtils -- Could not detect default configuration classes for test class [com.github.backend.BackendApplicationTests]: BackendApplicationTests does not declare any static, non-private, non-final, nested classes annotated with @Configuration.
21:40:36.873 [Test worker] INFO org.springframework.boot.test.context.SpringBootTestContextBootstrapper -- Found @SpringBootConfiguration com.github.backend.BackendApplication for test class com.github.backend.BackendApplicationTests

  .   ____          _            __ _ _
 /\\ / ___'_ __ _ _(_)_ __  __ _ \ \ \ \
( ( )\___ | '_ | '_| | '_ \/ _` | \ \ \ \
 \\/  ___)| |_)| | | | | || (_| |  ) ) ) )
  '  |____| .__|_| |_|_| |_\__, | / / / /
 =========|_|==============|___/=/_/_/_/

 :: Spring Boot ::                (v3.3.2)

2024-08-12T21:40:37.230+09:00  INFO 26232 --- [backend] [    Test worker] c.g.backend.BackendApplicationTests      : Starting BackendApplicationTests using Java 17.0.1 with PID 26232 (started by codin in C:\github\ThridProject\full-stack\backend)
2024-08-12T21:40:37.231+09:00  INFO 26232 --- [backend] [    Test worker] c.g.backend.BackendApplicationTests      : No active profile set, falling back to 1 default profile: "default"
2024-08-12T21:40:37.878+09:00  WARN 26232 --- [backend] [    Test worker] trationDelegate$BeanPostProcessorChecker : Bean 'org.springframework.ws.config.annotation.DelegatingWsConfiguration' of type [org.springframework.ws.config.annotation.DelegatingWsConfiguration$$SpringCGLIB$$0] is not eligible for getting processed by all BeanPostProcessors (for example: not eligible for auto-proxying). The currently created BeanPostProcessor [annotationActionEndpointMapping] is declared through a non-static factory method on that class; consider declaring it as static instead.
2024-08-12T21:40:37.928+09:00  INFO 26232 --- [backend] [    Test worker] .w.s.a.s.AnnotationActionEndpointMapping : Supporting [WS-Addressing August 2004, WS-Addressing 1.0]
2024-08-12T21:40:38.408+09:00  INFO 26232 --- [backend] [    Test worker] c.g.backend.BackendApplicationTests      : Started BackendApplicationTests in 1.398 seconds (process running for 2.413)
]]></system-out>
  <system-err><![CDATA[]]></system-err>
</testsuite>
